<?xml version="1.0" encoding="UTF-8"?>
<Site BuildName="(empty)"
	BuildStamp="20240717-0336-Experimental"
	Name="woods-Legion-Y9000X-IAH7"
	Generator="ctest-3.26.2"
	CompilerName="/usr/bin/c++"
	CompilerVersion="9.4.0"
	OSName="Linux"
	Hostname="woods-Legion-Y9000X-IAH7"
	OSRelease="5.4.0-125-generic"
	OSVersion="#141~18.04.1-Ubuntu SMP Thu Aug 11 20:15:56 UTC 2022"
	OSPlatform="x86_64"
	Is64Bits="1"
	VendorString="GenuineIntel"
	VendorID="Intel Corporation"
	FamilyID="6"
	ModelID="154"
	ProcessorCacheSize="24576"
	NumberOfLogicalCPU="20"
	NumberOfPhysicalCPU="14"
	TotalVirtualMemory="18118"
	TotalPhysicalMemory="15814"
	LogicalProcessorsPerPhysical="1"
	ProcessorClockFrequency="3257.68"
	>
	<Testing>
		<StartDateTime>Jul 17 11:36 CST</StartDateTime>
		<StartTestTime>1721187416</StartTestTime>
		<TestList/>
		<EndDateTime>Jul 17 11:36 CST</EndDateTime>
		<EndTestTime>1721187416</EndTestTime>
		<ElapsedMinutes>0</ElapsedMinutes>
	</Testing>
</Site>
